<?xml version="1.0" encoding="UTF-8"?>
<!-- Generated by org.testng.reporters.JUnitXMLReporter -->
<testsuite hostname="ADFL-1312" ignored="0" name="Surefire test" tests="4" failures="0" timestamp="2021-10-10T12:40:05 IST" time="19.219" errors="0">
  <testcase name="runScenario" time="6.169" classname="io.cucumber.testng.AbstractTestNGCucumberTests"/>
  <testcase name="runScenario" time="3.89" classname="io.cucumber.testng.AbstractTestNGCucumberTests"/>
  <testcase name="createIncident" time="3.76" classname="services.IncidentTests"/>
  <testcase name="getIncidents" time="4.791" classname="services.IncidentTests"/>
</testsuite> <!-- Surefire test -->
