<?xml version="1.0" encoding="UTF-8"?>
<!-- Generated by org.testng.reporters.JUnitXMLReporter -->
<testsuite hostname="DESKTOP-SF3L7VT" ignored="0" name="Default test" tests="3" failures="0" timestamp="2021-10-25T20:33:22 IST" time="5.98" errors="0">
  <testcase name="loginUiBank" time="3.528" classname="services.UIBank"/>
  <testcase name="createNewAccount" time="0.963" classname="services.UIBank"/>
  <testcase name="getAllAccounts" time="1.003" classname="services.UIBank"/>
</testsuite> <!-- Default test -->
